d:\workspace\lisy\机柜导出\pjt_yitihua\models\zhengjiceshi\jianlilianjie\rtssdebug\zhengjiceshi.pdb
d:\workspace\lisy\机柜导出\pjt_yitihua\models\zhengjiceshi\jianlilianjie\rtssdebug\mic3612util.obj
d:\workspace\lisy\机柜导出\pjt_yitihua\models\zhengjiceshi\jianlilianjie\rtssdebug\cpci6216util.obj
d:\workspace\lisy\机柜导出\pjt_yitihua\models\zhengjiceshi\jianlilianjie\rtssdebug\cpci7432util.obj
d:\workspace\lisy\机柜导出\pjt_yitihua\models\zhengjiceshi\jianlilianjie\rtssdebug\pxi2205util.obj
d:\workspace\lisy\机柜导出\pjt_yitihua\models\zhengjiceshi\jianlilianjie\rtssdebug\hwuserapp.obj
d:\workspace\lisy\机柜导出\pjt_yitihua\models\zhengjiceshi\jianlilianjie\rtssdebug\hwrtxsimtask.obj
d:\workspace\lisy\机柜导出\pjt_yitihua\models\zhengjiceshi\jianlilianjie\rtssdebug\hwdllmain.obj
d:\workspace\lisy\机柜导出\pjt_yitihua\models\zhengjiceshi\jianlilianjie\rtssdebug\comframe.obj
d:\workspace\lisy\机柜导出\pjt_yitihua\models\zhengjiceshi\jianlilianjie\rtssdebug\hwtaskinfo.obj
d:\workspace\lisy\pjt_yitihua\models\zhengjiceshi\jianlilianjie\rtssdebug\zhengjiceshi.pdb
d:\workspace\lisy\pjt_yitihua\models\zhengjiceshi\jianlilianjie\rtssdebug\pxi2205util.obj
d:\workspace\lisy\pjt_yitihua\models\zhengjiceshi\jianlilianjie\rtssdebug\mic3612util.obj
d:\workspace\lisy\pjt_yitihua\models\zhengjiceshi\jianlilianjie\rtssdebug\hwdllmain.obj
d:\workspace\lisy\pjt_yitihua\models\zhengjiceshi\jianlilianjie\rtssdebug\comframe.obj
d:\workspace\lisy\pjt_yitihua\models\zhengjiceshi\jianlilianjie\rtssdebug\cpci7432util.obj
d:\workspace\lisy\pjt_yitihua\models\zhengjiceshi\jianlilianjie\rtssdebug\cpci6216util.obj
d:\workspace\lisy\pjt_yitihua\models\zhengjiceshi\jianlilianjie\rtssdebug\hwtaskinfo.obj
d:\workspace\lisy\pjt_yitihua\models\zhengjiceshi\jianlilianjie\rtssdebug\hwuserapp.obj
d:\workspace\lisy\pjt_yitihua\models\zhengjiceshi\jianlilianjie\rtssdebug\hwrtxsimtask.obj
d:\workspace\lisy\机柜导出\pjt_yitihua\models\zhengjiceshi\jianlilianjie\rtssdebug\zhengjiceshi.rtdll
d:\workspace\lisy\机柜导出\pjt_yitihua\models\zhengjiceshi\jianlilianjie\rtssdebug\zhengjiceshi.lib
d:\workspace\lisy\机柜导出\pjt_yitihua\models\zhengjiceshi\jianlilianjie\rtssdebug\zhengjiceshi.exp
d:\workspace\lisy\pjt_yitihua\models\zhengjiceshi\jianlilianjie\\rtssdebug\zhengjiceshi.pdb
